

============================== 2023-01-24 11:16:39.401031 | 6373b93a-d8e6-4eac-ab65-99444f1a2100 ==============================
11:16:39.401031 [info ] [MainThread]: Running with dbt=1.0.0
11:16:39.401602 [debug] [MainThread]: running dbt with arguments Namespace(record_timing_info=None, debug=None, log_format=None, write_json=None, use_colors=None, printer_width=None, warn_error=None, version_check=None, partial_parse=None, single_threaded=False, use_experimental_parser=None, static_parser=None, profiles_dir='/data/5/0/normalize', send_anonymous_usage_stats=None, fail_fast=None, event_buffer_size=None, project_dir='/data/5/0/normalize', profile=None, target=None, vars='{}', log_cache_events=False, config_dir=False, defer=None, state=None, cls=<class 'dbt.task.debug.DebugTask'>, which='debug', rpc_method=None)
11:16:39.401701 [debug] [MainThread]: Tracking: do not track
11:16:39.586103 [debug] [MainThread]: Executing "git --help"
11:16:39.620865 [debug] [MainThread]: STDOUT: "b"usage: git [--version] [--help] [-C <path>] [-c <name>=<value>]\n           [--exec-path[=<path>]] [--html-path] [--man-path] [--info-path]\n           [-p | --paginate | -P | --no-pager] [--no-replace-objects] [--bare]\n           [--git-dir=<path>] [--work-tree=<path>] [--namespace=<name>]\n           <command> [<args>]\n\nThese are common Git commands used in various situations:\n\nstart a working area (see also: git help tutorial)\n   clone             Clone a repository into a new directory\n   init              Create an empty Git repository or reinitialize an existing one\n\nwork on the current change (see also: git help everyday)\n   add               Add file contents to the index\n   mv                Move or rename a file, a directory, or a symlink\n   restore           Restore working tree files\n   rm                Remove files from the working tree and from the index\n   sparse-checkout   Initialize and modify the sparse-checkout\n\nexamine the history and state (see also: git help revisions)\n   bisect            Use binary search to find the commit that introduced a bug\n   diff              Show changes between commits, commit and working tree, etc\n   grep              Print lines matching a pattern\n   log               Show commit logs\n   show              Show various types of objects\n   status            Show the working tree status\n\ngrow, mark and tweak your common history\n   branch            List, create, or delete branches\n   commit            Record changes to the repository\n   merge             Join two or more development histories together\n   rebase            Reapply commits on top of another base tip\n   reset             Reset current HEAD to the specified state\n   switch            Switch branches\n   tag               Create, list, delete or verify a tag object signed with GPG\n\ncollaborate (see also: git help workflows)\n   fetch             Download objects and refs from another repository\n   pull              Fetch from and integrate with another repository or a local branch\n   push              Update remote refs along with associated objects\n\n'git help -a' and 'git help -g' list available subcommands and some\nconcept guides. See 'git help <command>' or 'git help <concept>'\nto read about a specific subcommand or concept.\nSee 'git help git' for an overview of the system.\n""
11:16:39.622780 [debug] [MainThread]: STDERR: "b''"
11:16:39.645837 [debug] [MainThread]: Acquiring new postgres connection "debug"
11:16:39.646972 [debug] [MainThread]: Using postgres connection "debug"
11:16:39.647197 [debug] [MainThread]: On debug: select 1 as id
11:16:39.647327 [debug] [MainThread]: Opening a new connection, currently in state init
11:16:39.655032 [debug] [MainThread]: Postgres adapter: Got an error when attempting to open a postgres connection: 'connection to server at "localhost" (::1), port 5432 failed: Connection refused
	Is the server running on that host and accepting TCP/IP connections?
connection to server at "localhost" (127.0.0.1), port 5432 failed: Connection refused
	Is the server running on that host and accepting TCP/IP connections?
'
11:16:39.655456 [debug] [MainThread]: Postgres adapter: Error running SQL: select 1 as id
11:16:39.655590 [debug] [MainThread]: Postgres adapter: Rolling back transaction.
11:16:39.656036 [debug] [MainThread]: On debug: No close available on handle
11:16:39.662285 [debug] [MainThread]: Connection 'debug' was properly closed.


============================== 2023-01-24 11:18:09.350091 | 8a2f821a-4eee-41ee-a1f3-da62c0d7fd80 ==============================
11:18:09.350091 [info ] [MainThread]: Running with dbt=1.0.0
11:18:09.350776 [debug] [MainThread]: running dbt with arguments Namespace(record_timing_info=None, debug=None, log_format=None, write_json=None, use_colors=None, printer_width=None, warn_error=None, version_check=None, partial_parse=None, single_threaded=False, use_experimental_parser=None, static_parser=None, profiles_dir='/data/5/0/normalize', send_anonymous_usage_stats=None, fail_fast=None, event_buffer_size=None, project_dir='/data/5/0/normalize', profile=None, target=None, vars='{}', log_cache_events=False, config_dir=False, defer=None, state=None, cls=<class 'dbt.task.debug.DebugTask'>, which='debug', rpc_method=None)
11:18:09.350909 [debug] [MainThread]: Tracking: do not track
11:18:09.434369 [debug] [MainThread]: Executing "git --help"
11:18:09.445812 [debug] [MainThread]: STDOUT: "b"usage: git [--version] [--help] [-C <path>] [-c <name>=<value>]\n           [--exec-path[=<path>]] [--html-path] [--man-path] [--info-path]\n           [-p | --paginate | -P | --no-pager] [--no-replace-objects] [--bare]\n           [--git-dir=<path>] [--work-tree=<path>] [--namespace=<name>]\n           <command> [<args>]\n\nThese are common Git commands used in various situations:\n\nstart a working area (see also: git help tutorial)\n   clone             Clone a repository into a new directory\n   init              Create an empty Git repository or reinitialize an existing one\n\nwork on the current change (see also: git help everyday)\n   add               Add file contents to the index\n   mv                Move or rename a file, a directory, or a symlink\n   restore           Restore working tree files\n   rm                Remove files from the working tree and from the index\n   sparse-checkout   Initialize and modify the sparse-checkout\n\nexamine the history and state (see also: git help revisions)\n   bisect            Use binary search to find the commit that introduced a bug\n   diff              Show changes between commits, commit and working tree, etc\n   grep              Print lines matching a pattern\n   log               Show commit logs\n   show              Show various types of objects\n   status            Show the working tree status\n\ngrow, mark and tweak your common history\n   branch            List, create, or delete branches\n   commit            Record changes to the repository\n   merge             Join two or more development histories together\n   rebase            Reapply commits on top of another base tip\n   reset             Reset current HEAD to the specified state\n   switch            Switch branches\n   tag               Create, list, delete or verify a tag object signed with GPG\n\ncollaborate (see also: git help workflows)\n   fetch             Download objects and refs from another repository\n   pull              Fetch from and integrate with another repository or a local branch\n   push              Update remote refs along with associated objects\n\n'git help -a' and 'git help -g' list available subcommands and some\nconcept guides. See 'git help <command>' or 'git help <concept>'\nto read about a specific subcommand or concept.\nSee 'git help git' for an overview of the system.\n""
11:18:09.446337 [debug] [MainThread]: STDERR: "b''"
11:18:09.454466 [debug] [MainThread]: Acquiring new postgres connection "debug"
11:18:09.455053 [debug] [MainThread]: Using postgres connection "debug"
11:18:09.455193 [debug] [MainThread]: On debug: select 1 as id
11:18:09.455314 [debug] [MainThread]: Opening a new connection, currently in state init
11:18:09.468045 [debug] [MainThread]: Postgres adapter: Got an error when attempting to open a postgres connection: 'connection to server at "localhost" (::1), port 5432 failed: Connection refused
	Is the server running on that host and accepting TCP/IP connections?
connection to server at "localhost" (127.0.0.1), port 5432 failed: FATAL:  password authentication failed for user "postgres"
'
11:18:09.468339 [debug] [MainThread]: Postgres adapter: Error running SQL: select 1 as id
11:18:09.468493 [debug] [MainThread]: Postgres adapter: Rolling back transaction.
11:18:09.468667 [debug] [MainThread]: On debug: No close available on handle
11:18:09.470316 [debug] [MainThread]: Connection 'debug' was properly closed.


============================== 2023-01-24 11:27:13.420768 | 02fd5b3d-0bd6-4421-8a76-c90038a1078b ==============================
11:27:13.420768 [info ] [MainThread]: Running with dbt=1.0.0
11:27:13.421446 [debug] [MainThread]: running dbt with arguments Namespace(record_timing_info=None, debug=None, log_format=None, write_json=None, use_colors=None, printer_width=None, warn_error=None, version_check=None, partial_parse=None, single_threaded=False, use_experimental_parser=None, static_parser=None, profiles_dir='/data/5/0/normalize', send_anonymous_usage_stats=None, fail_fast=None, event_buffer_size=None, project_dir='/data/5/0/normalize', profile=None, target=None, vars='{}', log_cache_events=False, config_dir=False, defer=None, state=None, cls=<class 'dbt.task.debug.DebugTask'>, which='debug', rpc_method=None)
11:27:13.421572 [debug] [MainThread]: Tracking: do not track
11:27:13.486338 [debug] [MainThread]: Executing "git --help"
11:27:13.492859 [debug] [MainThread]: STDOUT: "b"usage: git [--version] [--help] [-C <path>] [-c <name>=<value>]\n           [--exec-path[=<path>]] [--html-path] [--man-path] [--info-path]\n           [-p | --paginate | -P | --no-pager] [--no-replace-objects] [--bare]\n           [--git-dir=<path>] [--work-tree=<path>] [--namespace=<name>]\n           <command> [<args>]\n\nThese are common Git commands used in various situations:\n\nstart a working area (see also: git help tutorial)\n   clone             Clone a repository into a new directory\n   init              Create an empty Git repository or reinitialize an existing one\n\nwork on the current change (see also: git help everyday)\n   add               Add file contents to the index\n   mv                Move or rename a file, a directory, or a symlink\n   restore           Restore working tree files\n   rm                Remove files from the working tree and from the index\n   sparse-checkout   Initialize and modify the sparse-checkout\n\nexamine the history and state (see also: git help revisions)\n   bisect            Use binary search to find the commit that introduced a bug\n   diff              Show changes between commits, commit and working tree, etc\n   grep              Print lines matching a pattern\n   log               Show commit logs\n   show              Show various types of objects\n   status            Show the working tree status\n\ngrow, mark and tweak your common history\n   branch            List, create, or delete branches\n   commit            Record changes to the repository\n   merge             Join two or more development histories together\n   rebase            Reapply commits on top of another base tip\n   reset             Reset current HEAD to the specified state\n   switch            Switch branches\n   tag               Create, list, delete or verify a tag object signed with GPG\n\ncollaborate (see also: git help workflows)\n   fetch             Download objects and refs from another repository\n   pull              Fetch from and integrate with another repository or a local branch\n   push              Update remote refs along with associated objects\n\n'git help -a' and 'git help -g' list available subcommands and some\nconcept guides. See 'git help <command>' or 'git help <concept>'\nto read about a specific subcommand or concept.\nSee 'git help git' for an overview of the system.\n""
11:27:13.493180 [debug] [MainThread]: STDERR: "b''"
11:27:13.498049 [debug] [MainThread]: Acquiring new postgres connection "debug"
11:27:13.498434 [debug] [MainThread]: Using postgres connection "debug"
11:27:13.498525 [debug] [MainThread]: On debug: select 1 as id
11:27:13.498595 [debug] [MainThread]: Opening a new connection, currently in state init
11:27:13.506320 [debug] [MainThread]: Postgres adapter: Got an error when attempting to open a postgres connection: 'connection to server at "localhost" (::1), port 5432 failed: Connection refused
	Is the server running on that host and accepting TCP/IP connections?
connection to server at "localhost" (127.0.0.1), port 5432 failed: FATAL:  password authentication failed for user "postgres"
'
11:27:13.506640 [debug] [MainThread]: Postgres adapter: Error running SQL: select 1 as id
11:27:13.506774 [debug] [MainThread]: Postgres adapter: Rolling back transaction.
11:27:13.506944 [debug] [MainThread]: On debug: No close available on handle
11:27:13.508552 [debug] [MainThread]: Connection 'debug' was properly closed.


============================== 2023-01-24 11:27:46.279098 | 03f74349-6efb-46d3-a49d-595cd889b934 ==============================
11:27:46.279098 [info ] [MainThread]: Running with dbt=1.0.0
11:27:46.279319 [debug] [MainThread]: running dbt with arguments Namespace(record_timing_info=None, debug=None, log_format=None, write_json=None, use_colors=None, printer_width=None, warn_error=None, version_check=None, partial_parse=None, single_threaded=False, use_experimental_parser=None, static_parser=None, profiles_dir='/data/5/0/normalize', send_anonymous_usage_stats=None, fail_fast=None, event_buffer_size=None, project_dir='/data/5/0/normalize', profile=None, target=None, vars='{}', log_cache_events=False, config_dir=False, defer=None, state=None, cls=<class 'dbt.task.debug.DebugTask'>, which='debug', rpc_method=None)
11:27:46.279400 [debug] [MainThread]: Tracking: do not track
11:27:46.332323 [debug] [MainThread]: Executing "git --help"
11:27:46.336163 [debug] [MainThread]: STDOUT: "b"usage: git [--version] [--help] [-C <path>] [-c <name>=<value>]\n           [--exec-path[=<path>]] [--html-path] [--man-path] [--info-path]\n           [-p | --paginate | -P | --no-pager] [--no-replace-objects] [--bare]\n           [--git-dir=<path>] [--work-tree=<path>] [--namespace=<name>]\n           <command> [<args>]\n\nThese are common Git commands used in various situations:\n\nstart a working area (see also: git help tutorial)\n   clone             Clone a repository into a new directory\n   init              Create an empty Git repository or reinitialize an existing one\n\nwork on the current change (see also: git help everyday)\n   add               Add file contents to the index\n   mv                Move or rename a file, a directory, or a symlink\n   restore           Restore working tree files\n   rm                Remove files from the working tree and from the index\n   sparse-checkout   Initialize and modify the sparse-checkout\n\nexamine the history and state (see also: git help revisions)\n   bisect            Use binary search to find the commit that introduced a bug\n   diff              Show changes between commits, commit and working tree, etc\n   grep              Print lines matching a pattern\n   log               Show commit logs\n   show              Show various types of objects\n   status            Show the working tree status\n\ngrow, mark and tweak your common history\n   branch            List, create, or delete branches\n   commit            Record changes to the repository\n   merge             Join two or more development histories together\n   rebase            Reapply commits on top of another base tip\n   reset             Reset current HEAD to the specified state\n   switch            Switch branches\n   tag               Create, list, delete or verify a tag object signed with GPG\n\ncollaborate (see also: git help workflows)\n   fetch             Download objects and refs from another repository\n   pull              Fetch from and integrate with another repository or a local branch\n   push              Update remote refs along with associated objects\n\n'git help -a' and 'git help -g' list available subcommands and some\nconcept guides. See 'git help <command>' or 'git help <concept>'\nto read about a specific subcommand or concept.\nSee 'git help git' for an overview of the system.\n""
11:27:46.336435 [debug] [MainThread]: STDERR: "b''"
11:27:46.341204 [debug] [MainThread]: Acquiring new postgres connection "debug"
11:27:46.341685 [debug] [MainThread]: Using postgres connection "debug"
11:27:46.341790 [debug] [MainThread]: On debug: select 1 as id
11:27:46.341863 [debug] [MainThread]: Opening a new connection, currently in state init
11:27:46.346875 [debug] [MainThread]: Postgres adapter: Got an error when attempting to open a postgres connection: 'connection to server at "localhost" (::1), port 5432 failed: Connection refused
	Is the server running on that host and accepting TCP/IP connections?
connection to server at "localhost" (127.0.0.1), port 5432 failed: FATAL:  password authentication failed for user "postgres"
'
11:27:46.347106 [debug] [MainThread]: Postgres adapter: Error running SQL: select 1 as id
11:27:46.347181 [debug] [MainThread]: Postgres adapter: Rolling back transaction.
11:27:46.347310 [debug] [MainThread]: On debug: No close available on handle
11:27:46.348672 [debug] [MainThread]: Connection 'debug' was properly closed.


============================== 2023-01-24 11:32:24.648201 | 2860321d-fde9-4f28-84a9-3cbbec52a742 ==============================
11:32:24.648201 [info ] [MainThread]: Running with dbt=1.0.0
11:32:24.648824 [debug] [MainThread]: running dbt with arguments Namespace(record_timing_info=None, debug=None, log_format=None, write_json=None, use_colors=None, printer_width=None, warn_error=None, version_check=None, partial_parse=None, single_threaded=False, use_experimental_parser=None, static_parser=None, profiles_dir='/data/5/0/normalize', send_anonymous_usage_stats=None, fail_fast=None, event_buffer_size=None, project_dir='/data/5/0/normalize', profile=None, target=None, vars='{}', log_cache_events=False, config_dir=False, defer=None, state=None, cls=<class 'dbt.task.debug.DebugTask'>, which='debug', rpc_method=None)
11:32:24.649274 [debug] [MainThread]: Tracking: do not track
11:32:24.764736 [debug] [MainThread]: Executing "git --help"
11:32:24.771485 [debug] [MainThread]: STDOUT: "b"usage: git [--version] [--help] [-C <path>] [-c <name>=<value>]\n           [--exec-path[=<path>]] [--html-path] [--man-path] [--info-path]\n           [-p | --paginate | -P | --no-pager] [--no-replace-objects] [--bare]\n           [--git-dir=<path>] [--work-tree=<path>] [--namespace=<name>]\n           <command> [<args>]\n\nThese are common Git commands used in various situations:\n\nstart a working area (see also: git help tutorial)\n   clone             Clone a repository into a new directory\n   init              Create an empty Git repository or reinitialize an existing one\n\nwork on the current change (see also: git help everyday)\n   add               Add file contents to the index\n   mv                Move or rename a file, a directory, or a symlink\n   restore           Restore working tree files\n   rm                Remove files from the working tree and from the index\n   sparse-checkout   Initialize and modify the sparse-checkout\n\nexamine the history and state (see also: git help revisions)\n   bisect            Use binary search to find the commit that introduced a bug\n   diff              Show changes between commits, commit and working tree, etc\n   grep              Print lines matching a pattern\n   log               Show commit logs\n   show              Show various types of objects\n   status            Show the working tree status\n\ngrow, mark and tweak your common history\n   branch            List, create, or delete branches\n   commit            Record changes to the repository\n   merge             Join two or more development histories together\n   rebase            Reapply commits on top of another base tip\n   reset             Reset current HEAD to the specified state\n   switch            Switch branches\n   tag               Create, list, delete or verify a tag object signed with GPG\n\ncollaborate (see also: git help workflows)\n   fetch             Download objects and refs from another repository\n   pull              Fetch from and integrate with another repository or a local branch\n   push              Update remote refs along with associated objects\n\n'git help -a' and 'git help -g' list available subcommands and some\nconcept guides. See 'git help <command>' or 'git help <concept>'\nto read about a specific subcommand or concept.\nSee 'git help git' for an overview of the system.\n""
11:32:24.771809 [debug] [MainThread]: STDERR: "b''"
11:32:24.778232 [debug] [MainThread]: Acquiring new postgres connection "debug"
11:32:24.778802 [debug] [MainThread]: Using postgres connection "debug"
11:32:24.778953 [debug] [MainThread]: On debug: select 1 as id
11:32:24.779065 [debug] [MainThread]: Opening a new connection, currently in state init
11:32:24.788229 [debug] [MainThread]: Postgres adapter: Got an error when attempting to open a postgres connection: 'connection to server at "localhost" (::1), port 5432 failed: Connection refused
	Is the server running on that host and accepting TCP/IP connections?
connection to server at "localhost" (127.0.0.1), port 5432 failed: FATAL:  password authentication failed for user "postgres"
'
11:32:24.788570 [debug] [MainThread]: Postgres adapter: Error running SQL: select 1 as id
11:32:24.788675 [debug] [MainThread]: Postgres adapter: Rolling back transaction.
11:32:24.788826 [debug] [MainThread]: On debug: No close available on handle
11:32:24.790584 [debug] [MainThread]: Connection 'debug' was properly closed.


============================== 2023-01-24 11:32:51.890988 | cdcb64dc-c94b-4503-829f-e7c238f8b14d ==============================
11:32:51.890988 [info ] [MainThread]: Running with dbt=1.0.0
11:32:51.891248 [debug] [MainThread]: running dbt with arguments Namespace(record_timing_info=None, debug=None, log_format=None, write_json=None, use_colors=None, printer_width=None, warn_error=None, version_check=None, partial_parse=None, single_threaded=False, use_experimental_parser=None, static_parser=None, profiles_dir='/data/5/0/normalize', send_anonymous_usage_stats=None, fail_fast=None, event_buffer_size=None, project_dir='/data/5/0/normalize', profile=None, target=None, vars='{}', log_cache_events=False, config_dir=False, defer=None, state=None, cls=<class 'dbt.task.debug.DebugTask'>, which='debug', rpc_method=None)
11:32:51.891340 [debug] [MainThread]: Tracking: do not track
11:32:51.953596 [debug] [MainThread]: Executing "git --help"
11:32:51.958428 [debug] [MainThread]: STDOUT: "b"usage: git [--version] [--help] [-C <path>] [-c <name>=<value>]\n           [--exec-path[=<path>]] [--html-path] [--man-path] [--info-path]\n           [-p | --paginate | -P | --no-pager] [--no-replace-objects] [--bare]\n           [--git-dir=<path>] [--work-tree=<path>] [--namespace=<name>]\n           <command> [<args>]\n\nThese are common Git commands used in various situations:\n\nstart a working area (see also: git help tutorial)\n   clone             Clone a repository into a new directory\n   init              Create an empty Git repository or reinitialize an existing one\n\nwork on the current change (see also: git help everyday)\n   add               Add file contents to the index\n   mv                Move or rename a file, a directory, or a symlink\n   restore           Restore working tree files\n   rm                Remove files from the working tree and from the index\n   sparse-checkout   Initialize and modify the sparse-checkout\n\nexamine the history and state (see also: git help revisions)\n   bisect            Use binary search to find the commit that introduced a bug\n   diff              Show changes between commits, commit and working tree, etc\n   grep              Print lines matching a pattern\n   log               Show commit logs\n   show              Show various types of objects\n   status            Show the working tree status\n\ngrow, mark and tweak your common history\n   branch            List, create, or delete branches\n   commit            Record changes to the repository\n   merge             Join two or more development histories together\n   rebase            Reapply commits on top of another base tip\n   reset             Reset current HEAD to the specified state\n   switch            Switch branches\n   tag               Create, list, delete or verify a tag object signed with GPG\n\ncollaborate (see also: git help workflows)\n   fetch             Download objects and refs from another repository\n   pull              Fetch from and integrate with another repository or a local branch\n   push              Update remote refs along with associated objects\n\n'git help -a' and 'git help -g' list available subcommands and some\nconcept guides. See 'git help <command>' or 'git help <concept>'\nto read about a specific subcommand or concept.\nSee 'git help git' for an overview of the system.\n""
11:32:51.958725 [debug] [MainThread]: STDERR: "b''"
11:32:51.963318 [debug] [MainThread]: Acquiring new postgres connection "debug"
11:32:51.963774 [debug] [MainThread]: Using postgres connection "debug"
11:32:51.963860 [debug] [MainThread]: On debug: select 1 as id
11:32:51.963926 [debug] [MainThread]: Opening a new connection, currently in state init
11:32:51.969567 [debug] [MainThread]: Postgres adapter: Got an error when attempting to open a postgres connection: 'connection to server at "localhost" (::1), port 5432 failed: Connection refused
	Is the server running on that host and accepting TCP/IP connections?
connection to server at "localhost" (127.0.0.1), port 5432 failed: FATAL:  password authentication failed for user "postgres"
'
11:32:51.969788 [debug] [MainThread]: Postgres adapter: Error running SQL: select 1 as id
11:32:51.969858 [debug] [MainThread]: Postgres adapter: Rolling back transaction.
11:32:51.969966 [debug] [MainThread]: On debug: No close available on handle
11:32:51.971485 [debug] [MainThread]: Connection 'debug' was properly closed.
